<?xml version="1.0" encoding="UTF-8"?>
<!-- Generated by org.testng.reporters.JUnitReportReporter -->
<testsuite hostname="DESKTOP-AF71NMN" name="com.pack2.TestClass5" tests="2" failures="0" timestamp="27 Nov 2019 14:12:44 GMT" time="0.008" errors="0">
  <testcase name="func10" time="0.004" classname="com.pack2.TestClass5"/>
  <testcase name="func11" time="0.004" classname="com.pack2.TestClass5"/>
</testsuite> <!-- com.pack2.TestClass5 -->
