<?xml version="1.0" encoding="UTF-8"?>
<!-- Generated by org.testng.reporters.JUnitReportReporter -->
<testsuite hostname="DESKTOP-AF71NMN" name="com.pack1.TestClass76" tests="2" failures="0" timestamp="27 Nov 2019 15:00:36 GMT" time="0.000" errors="0">
  <testcase name="func7" time="0.000" classname="com.pack1.TestClass76"/>
  <testcase name="func6" time="0.000" classname="com.pack1.TestClass76"/>
</testsuite> <!-- com.pack1.TestClass76 -->
