<?xml version="1.0" encoding="UTF-8"?>
<!-- Generated by org.testng.reporters.JUnitReportReporter -->
<testsuite skipped="0" hostname="DESKTOP-AF71NMN" name="com.pack1.TestClass1" tests="2" failures="0" timestamp="27 Nov 2019 14:24:06 GMT" time="0.022" errors="0">
  <testcase name="func3" time="0.022" classname="com.pack1.TestClass1"/>
  <testcase name="func2" time="0.000" classname="com.pack1.TestClass1"/>
</testsuite> <!-- com.pack1.TestClass1 -->
