<?xml version="1.0" encoding="UTF-8"?>
<!-- Generated by org.testng.reporters.JUnitReportReporter -->
<testsuite skipped="0" hostname="DESKTOP-AF71NMN" name="com.pack1.TestClass2" tests="2" failures="0" timestamp="27 Nov 2019 14:24:06 GMT" time="0.008" errors="0">
  <testcase name="func5" time="0.004" classname="com.pack1.TestClass2"/>
  <testcase name="func4" time="0.004" classname="com.pack1.TestClass2"/>
</testsuite> <!-- com.pack1.TestClass2 -->
