<?xml version="1.0" encoding="UTF-8"?>
<!-- Generated by org.testng.reporters.JUnitReportReporter -->
<testsuite hostname="DESKTOP-AF71NMN" name="com.pack3.TestClass1514" tests="2" failures="0" timestamp="27 Nov 2019 15:00:36 GMT" time="0.008" errors="0">
  <testcase name="func14" time="0.004" classname="com.pack3.TestClass1514"/>
  <testcase name="func15" time="0.004" classname="com.pack3.TestClass1514"/>
</testsuite> <!-- com.pack3.TestClass1514 -->
