<?xml version="1.0" encoding="UTF-8"?>
<!-- Generated by org.testng.reporters.JUnitReportReporter -->
<testsuite hostname="DESKTOP-AF71NMN" name="com.pack2.TestClass1110" tests="2" failures="0" timestamp="27 Nov 2019 15:00:36 GMT" time="0.016" errors="0">
  <testcase name="func11" time="0.012" classname="com.pack2.TestClass1110"/>
  <testcase name="func10" time="0.004" classname="com.pack2.TestClass1110"/>
</testsuite> <!-- com.pack2.TestClass1110 -->
