<?xml version="1.0" encoding="UTF-8"?>
<!-- Generated by org.testng.reporters.JUnitReportReporter -->
<testsuite skipped="0" hostname="DESKTOP-AF71NMN" name="com.pack1.TestClass3" tests="2" failures="0" timestamp="27 Nov 2019 14:19:23 GMT" time="0.015" errors="0">
  <testcase name="func7" time="0.015" classname="com.pack1.TestClass3"/>
  <testcase name="func6" time="0.000" classname="com.pack1.TestClass3"/>
</testsuite> <!-- com.pack1.TestClass3 -->
