<?xml version="1.0" encoding="UTF-8"?>
<!-- Generated by org.testng.reporters.JUnitReportReporter -->
<testsuite hostname="DESKTOP-AF71NMN" name="com.pack2.TestClass4" tests="2" failures="0" timestamp="27 Nov 2019 14:12:44 GMT" time="0.036" errors="0">
  <testcase name="func8" time="0.020" classname="com.pack2.TestClass4"/>
  <testcase name="func9" time="0.016" classname="com.pack2.TestClass4"/>
</testsuite> <!-- com.pack2.TestClass4 -->
