<?xml version="1.0" encoding="UTF-8"?>
<!-- Generated by org.testng.reporters.JUnitReportReporter -->
<testsuite hostname="DESKTOP-AF71NMN" name="com.pack3.TestClass1514" tests="4" failures="0" timestamp="27 Nov 2019 15:13:47 GMT" time="0.020" errors="0">
  <testcase name="func15" time="0.000" classname="com.pack3.TestClass1514"/>
  <testcase name="func14" time="0.000" classname="com.pack3.TestClass1514"/>
  <testcase name="func15" time="0.016" classname="com.pack3.TestClass1514"/>
  <testcase name="func14" time="0.004" classname="com.pack3.TestClass1514"/>
</testsuite> <!-- com.pack3.TestClass1514 -->
