<?xml version="1.0" encoding="UTF-8"?>
<!-- Generated by org.testng.reporters.JUnitReportReporter -->
<testsuite hostname="DESKTOP-AF71NMN" name="com.pack1.TestClass32" tests="4" failures="0" timestamp="27 Nov 2019 15:13:47 GMT" time="0.020" errors="0">
  <testcase name="func2" time="0.000" classname="com.pack1.TestClass32"/>
  <testcase name="func3" time="0.016" classname="com.pack1.TestClass32"/>
  <testcase name="func2" time="0.004" classname="com.pack1.TestClass32"/>
  <testcase name="func3" time="0.000" classname="com.pack1.TestClass32"/>
</testsuite> <!-- com.pack1.TestClass32 -->
