<?xml version="1.0" encoding="UTF-8"?>
<!-- Generated by org.testng.reporters.JUnitReportReporter -->
<testsuite hostname="DESKTOP-AF71NMN" name="com.pack1.TestClass54" tests="4" failures="0" timestamp="27 Nov 2019 15:13:47 GMT" time="0.004" errors="0">
  <testcase name="func4" time="0.000" classname="com.pack1.TestClass54"/>
  <testcase name="func5" time="0.000" classname="com.pack1.TestClass54"/>
  <testcase name="func5" time="0.000" classname="com.pack1.TestClass54"/>
  <testcase name="func4" time="0.004" classname="com.pack1.TestClass54"/>
</testsuite> <!-- com.pack1.TestClass54 -->
