<?xml version="1.0" encoding="UTF-8"?>
<!-- Generated by org.testng.reporters.JUnitReportReporter -->
<testsuite hostname="DESKTOP-AF71NMN" name="com.pack2.TestClass89" tests="4" failures="0" timestamp="27 Nov 2019 15:13:47 GMT" time="0.004" errors="0">
  <testcase name="func8" time="0.000" classname="com.pack2.TestClass89"/>
  <testcase name="func8" time="0.000" classname="com.pack2.TestClass89"/>
  <testcase name="func9" time="0.004" classname="com.pack2.TestClass89"/>
  <testcase name="func9" time="0.000" classname="com.pack2.TestClass89"/>
</testsuite> <!-- com.pack2.TestClass89 -->
