<?xml version="1.0" encoding="UTF-8"?>
<!-- Generated by org.testng.reporters.JUnitReportReporter -->
<testsuite hostname="DESKTOP-AF71NMN" name="com.pack3.TestClass1213" tests="4" failures="0" timestamp="27 Nov 2019 15:13:47 GMT" time="0.016" errors="0">
  <testcase name="func12" time="0.004" classname="com.pack3.TestClass1213"/>
  <testcase name="func13" time="0.004" classname="com.pack3.TestClass1213"/>
  <testcase name="func13" time="0.000" classname="com.pack3.TestClass1213"/>
  <testcase name="func12" time="0.008" classname="com.pack3.TestClass1213"/>
</testsuite> <!-- com.pack3.TestClass1213 -->
